<?xml version="1.0" encoding="UTF-8"?>
<testsuite name="com.adventure.MT9" tests="1" skipped="0" failures="0" errors="0" timestamp="2022-01-28T11:14:27" hostname="sam-tobefilledbyoem" time="0.035">
  <properties/>
  <testcase name="testOmniDoorKey()" classname="com.adventure.MT9" time="0.035"/>
  <system-out><![CDATA[The door is unlocked!
]]></system-out>
  <system-err><![CDATA[]]></system-err>
</testsuite>
