<?xml version="1.0" encoding="UTF-8"?>
<testsuite name="com.adventure.MT5" tests="2" skipped="0" failures="0" errors="0" timestamp="2022-01-16T02:05:09" hostname="sam-tobefilledbyoem" time="0.038">
  <properties/>
  <testcase name="testScene()" classname="com.adventure.MT5" time="0.036"/>
  <testcase name="testHole()" classname="com.adventure.MT5" time="0.001"/>
  <system-out><![CDATA[Door is now open
]]></system-out>
  <system-err><![CDATA[]]></system-err>
</testsuite>
